{"level":"info","message":"✅ Server running on port 5000","timestamp":"2026-01-10 17:00:27"}
{"level":"info","message":"✅ Socket.IO ready","timestamp":"2026-01-10 17:00:27"}
{"level":"info","message":"✅ Environment: development","timestamp":"2026-01-10 17:00:27"}
{"level":"info","message":"SIGINT signal received: closing HTTP server gracefully","timestamp":"2026-01-10 17:10:31"}
{"level":"info","message":"✅ Server running on port 5000","timestamp":"2026-01-10 17:10:38"}
{"level":"info","message":"✅ Socket.IO ready","timestamp":"2026-01-10 17:10:38"}
{"level":"info","message":"✅ Environment: development","timestamp":"2026-01-10 17:10:38"}
{"level":"info","message":"✅ Server running on port 5000","timestamp":"2026-01-10 17:15:24"}
{"level":"info","message":"✅ Socket.IO ready","timestamp":"2026-01-10 17:15:24"}
{"level":"info","message":"✅ Environment: development","timestamp":"2026-01-10 17:15:24"}
{"level":"info","message":"✅ Server running on port 5000","timestamp":"2026-01-10 17:15:28"}
{"level":"info","message":"✅ Socket.IO ready","timestamp":"2026-01-10 17:15:28"}
{"level":"info","message":"✅ Environment: development","timestamp":"2026-01-10 17:15:28"}
{"level":"info","message":"Server running on port 5000","timestamp":"2026-01-10 17:15:36"}
{"level":"info","message":"Socket.IO ready","timestamp":"2026-01-10 17:15:36"}
{"level":"info","message":"Environment: development","timestamp":"2026-01-10 17:15:36"}
{"level":"info","message":"Server running on port 5000","timestamp":"2026-01-10 17:16:51"}
{"level":"info","message":"Socket.IO ready","timestamp":"2026-01-10 17:16:51"}
{"level":"info","message":"Environment: development","timestamp":"2026-01-10 17:16:51"}
{"level":"info","message":"Server running on port 5000","timestamp":"2026-01-10 17:21:36"}
{"level":"info","message":"Socket.IO ready","timestamp":"2026-01-10 17:21:36"}
{"level":"info","message":"Environment: development","timestamp":"2026-01-10 17:21:36"}
{"level":"info","message":"Server running on port 5000","timestamp":"2026-01-10 17:21:40"}
{"level":"info","message":"Socket.IO ready","timestamp":"2026-01-10 17:21:40"}
{"level":"info","message":"Environment: development","timestamp":"2026-01-10 17:21:40"}
{"level":"info","message":"Server running on port 5000","timestamp":"2026-01-10 17:21:44"}
{"level":"info","message":"Socket.IO ready","timestamp":"2026-01-10 17:21:44"}
{"level":"info","message":"Environment: development","timestamp":"2026-01-10 17:21:44"}
{"level":"info","message":"Server running on port 5000","timestamp":"2026-01-10 17:21:58"}
{"level":"info","message":"Socket.IO ready","timestamp":"2026-01-10 17:21:58"}
{"level":"info","message":"Environment: development","timestamp":"2026-01-10 17:21:58"}
{"level":"info","message":"Server running on port 5000","timestamp":"2026-01-10 17:22:03"}
{"level":"info","message":"Socket.IO ready","timestamp":"2026-01-10 17:22:03"}
{"level":"info","message":"Environment: development","timestamp":"2026-01-10 17:22:03"}
{"level":"info","message":"Server running on port 5000","timestamp":"2026-01-10 17:22:08"}
{"level":"info","message":"Socket.IO ready","timestamp":"2026-01-10 17:22:08"}
{"level":"info","message":"Environment: development","timestamp":"2026-01-10 17:22:08"}
{"level":"info","message":"Server running on port 5000","timestamp":"2026-01-10 17:22:34"}
{"level":"info","message":"Socket.IO ready","timestamp":"2026-01-10 17:22:34"}
{"level":"info","message":"Environment: development","timestamp":"2026-01-10 17:22:34"}
{"level":"info","message":"Server running on port 5000","timestamp":"2026-01-10 17:22:48"}
{"level":"info","message":"Socket.IO ready","timestamp":"2026-01-10 17:22:48"}
{"level":"info","message":"Environment: development","timestamp":"2026-01-10 17:22:48"}
{"level":"info","message":"Server running on port 5000","timestamp":"2026-01-10 17:58:57"}
{"level":"info","message":"Socket.IO ready","timestamp":"2026-01-10 17:58:57"}
{"level":"info","message":"Environment: development","timestamp":"2026-01-10 17:58:57"}
